#
# There is insufficient memory for the Java Runtime Environment to continue.
# Native memory allocation (malloc) failed to allocate 32744 bytes for ChunkPool::allocate
# Possible reasons:
#   The system is out of physical RAM or swap space
#   In 32 bit mode, the process size limit was hit
# Possible solutions:
#   Reduce memory load on the system
#   Increase physical memory or swap space
#   Check if swap backing store is full
#   Use 64 bit Java on a 64 bit OS
#   Decrease Java heap size (-Xmx/-Xms)
#   Decrease number of Java threads
#   Decrease Java thread stack sizes (-Xss)
#   Set larger code cache with -XX:ReservedCodeCacheSize=
# This output file may be truncated or incomplete.
#
#  Out of Memory Error (allocation.cpp:273), pid=8316, tid=0x0000000000004368
#
# JRE version: Java(TM) SE Runtime Environment (8.0_161-b12) (build 1.8.0_161-b12)
# Java VM: Java HotSpot(TM) 64-Bit Server VM (25.161-b12 mixed mode windows-amd64 compressed oops)
# Failed to write core dump. Minidumps are not enabled by default on client versions of Windows
#

---------------  T H R E A D  ---------------

Current thread (0x000000001a0e1800):  JavaThread "C1 CompilerThread2" daemon [_thread_in_native, id=17256, stack(0x000000001aa30000,0x000000001ab30000)]

Stack: [0x000000001aa30000,0x000000001ab30000]
[error occurred during error reporting (printing stack bounds), id 0xc0000005]

Native frames: (J=compiled Java code, j=interpreted, Vv=VM code, C=native code)


Current CompileTask:
C1:  39156 4699       1       java.lang.invoke.AbstractValidatingLambdaMetafactory::validateMetafactoryArgs (864 bytes)


---------------  P R O C E S S  ---------------

Java Threads: ( => current thread )
  0x000000001ca7b000 JavaThread "RMI TCP Connection(idle)" daemon [_thread_blocked, id=14872, stack(0x000000001ffb0000,0x00000000200b0000)]
  0x000000001ca7c800 JavaThread "DestroyJavaVM" [_thread_blocked, id=19808, stack(0x00000000033b0000,0x00000000034b0000)]
  0x000000001ca7a800 JavaThread "http-nio-8881-AsyncTimeout" daemon [_thread_blocked, id=9768, stack(0x000000001fcb0000,0x000000001fdb0000)]
  0x000000001ca70000 JavaThread "http-nio-8881-Acceptor-0" daemon [_thread_in_native, id=10564, stack(0x000000001fbb0000,0x000000001fcb0000)]
  0x000000001ca76800 JavaThread "http-nio-8881-ClientPoller-1" daemon [_thread_in_native, id=6772, stack(0x000000001fab0000,0x000000001fbb0000)]
  0x000000001ca76000 JavaThread "http-nio-8881-ClientPoller-0" daemon [_thread_in_native, id=18704, stack(0x000000001f9b0000,0x000000001fab0000)]
  0x000000001ca6e800 JavaThread "http-nio-8881-exec-10" daemon [_thread_blocked, id=2016, stack(0x000000001f8b0000,0x000000001f9b0000)]
  0x000000001ca75000 JavaThread "http-nio-8881-exec-9" daemon [_thread_blocked, id=21468, stack(0x000000001f7b0000,0x000000001f8b0000)]
  0x000000001ca73800 JavaThread "http-nio-8881-exec-8" daemon [_thread_blocked, id=8848, stack(0x000000001f6b0000,0x000000001f7b0000)]
  0x000000001ca74800 JavaThread "http-nio-8881-exec-7" daemon [_thread_blocked, id=14452, stack(0x000000001f5b0000,0x000000001f6b0000)]
  0x000000001ca73000 JavaThread "http-nio-8881-exec-6" daemon [_thread_blocked, id=16348, stack(0x000000001f4b0000,0x000000001f5b0000)]
  0x000000001ca6f000 JavaThread "http-nio-8881-exec-5" daemon [_thread_blocked, id=10772, stack(0x000000001f3b0000,0x000000001f4b0000)]
  0x000000001ca72000 JavaThread "http-nio-8881-exec-4" daemon [_thread_blocked, id=10148, stack(0x000000001f2b0000,0x000000001f3b0000)]
  0x000000001ca71800 JavaThread "http-nio-8881-exec-3" daemon [_thread_blocked, id=18808, stack(0x000000001f1b0000,0x000000001f2b0000)]
  0x000000001ca70800 JavaThread "http-nio-8881-exec-2" daemon [_thread_blocked, id=15696, stack(0x000000001f0b0000,0x000000001f1b0000)]
  0x000000001c89d000 JavaThread "http-nio-8881-exec-1" daemon [_thread_blocked, id=11080, stack(0x000000001efb0000,0x000000001f0b0000)]
  0x000000001c89b800 JavaThread "NioBlockingSelector.BlockPoller-1" daemon [_thread_in_native, id=8648, stack(0x000000001eeb0000,0x000000001efb0000)]
  0x000000001c89e000 JavaThread "container-0" [_thread_blocked, id=21336, stack(0x000000001eab0000,0x000000001ebb0000)]
  0x000000001c89e800 JavaThread "ContainerBackgroundProcessor[StandardEngine[Tomcat]]" daemon [_thread_blocked, id=9912, stack(0x000000001e9b0000,0x000000001eab0000)]
  0x000000001c89a000 JavaThread "Statistics Thread-es-1" daemon [_thread_blocked, id=3652, stack(0x000000001e1b0000,0x000000001e2b0000)]
  0x000000001c898800 JavaThread "es" daemon [_thread_blocked, id=17776, stack(0x000000001e0b0000,0x000000001e1b0000)]
  0x000000001c899800 JavaThread "RMI TCP Connection(idle)" daemon [_thread_blocked, id=1012, stack(0x000000001dbb0000,0x000000001dcb0000)]
  0x000000001bf2b000 JavaThread "RMI TCP Connection(idle)" daemon [_thread_blocked, id=16140, stack(0x000000001d1b0000,0x000000001d2b0000)]
  0x000000001a596000 JavaThread "RMI Scheduler(0)" daemon [_thread_blocked, id=21296, stack(0x000000001b5e0000,0x000000001b6e0000)]
  0x000000001a569000 JavaThread "RMI TCP Connection(idle)" daemon [_thread_blocked, id=7476, stack(0x000000001b4e0000,0x000000001b5e0000)]
  0x000000001a535000 JavaThread "RMI TCP Connection(idle)" daemon [_thread_blocked, id=9884, stack(0x000000001b3e0000,0x000000001b4e0000)]
  0x000000001a41d800 JavaThread "RMI TCP Accept-0" daemon [_thread_in_native, id=16136, stack(0x000000001af30000,0x000000001b030000)]
  0x000000001a3b0800 JavaThread "RMI TCP Accept-50659" daemon [_thread_in_native, id=20756, stack(0x000000001ae30000,0x000000001af30000)]
  0x000000001a3a5800 JavaThread "RMI TCP Accept-0" daemon [_thread_in_native, id=17532, stack(0x000000001ad30000,0x000000001ae30000)]
  0x0000000019b2b000 JavaThread "Service Thread" daemon [_thread_blocked, id=11584, stack(0x000000001ab30000,0x000000001ac30000)]
=>0x000000001a0e1800 JavaThread "C1 CompilerThread2" daemon [_thread_in_native, id=17256, stack(0x000000001aa30000,0x000000001ab30000)]
  0x000000001a07d000 JavaThread "C2 CompilerThread1" daemon [_thread_blocked, id=21252, stack(0x000000001a930000,0x000000001aa30000)]
  0x000000001a048800 JavaThread "C2 CompilerThread0" daemon [_thread_blocked, id=15164, stack(0x000000001a830000,0x000000001a930000)]
  0x0000000018423800 JavaThread "JDWP Command Reader" daemon [_thread_in_native, id=15476, stack(0x0000000019f30000,0x000000001a030000)]
  0x0000000018420000 JavaThread "JDWP Event Helper Thread" daemon [_thread_blocked, id=15204, stack(0x0000000019e30000,0x0000000019f30000)]
  0x000000001841e800 JavaThread "JDWP Transport Listener: dt_socket" daemon [_thread_blocked, id=9540, stack(0x0000000019d30000,0x0000000019e30000)]
  0x0000000019773800 JavaThread "Attach Listener" daemon [_thread_blocked, id=3728, stack(0x0000000019c30000,0x0000000019d30000)]
  0x00000000183f9000 JavaThread "Signal Dispatcher" daemon [_thread_blocked, id=21188, stack(0x0000000019b30000,0x0000000019c30000)]
  0x00000000036cd800 JavaThread "Finalizer" daemon [_thread_blocked, id=14468, stack(0x0000000019630000,0x0000000019730000)]
  0x00000000183a8800 JavaThread "Reference Handler" daemon [_thread_blocked, id=15120, stack(0x0000000019530000,0x0000000019630000)]

Other Threads:
  0x00000000183a7800 VMThread [stack: 0x0000000019430000,0x0000000019530000] [id=4704]
  0x000000001a3bd000 WatcherThread [stack: 0x000000001b030000,0x000000001b130000] [id=9148]

VM state:not at safepoint (normal execution)

VM Mutex/Monitor currently owned by a thread: None

Heap:
 PSYoungGen      total 190976K, used 22552K [0x00000000d5d00000, 0x00000000e2980000, 0x0000000100000000)
  eden space 175104K, 5% used [0x00000000d5d00000,0x00000000d65944a0,0x00000000e0800000)
  from space 15872K, 86% used [0x00000000e0a80000,0x00000000e17f1ed8,0x00000000e1a00000)
  to   space 7168K, 0% used [0x00000000e2280000,0x00000000e2280000,0x00000000e2980000)
 ParOldGen       total 86016K, used 21788K [0x0000000081600000, 0x0000000086a00000, 0x00000000d5d00000)
  object space 86016K, 25% used [0x0000000081600000,0x0000000082b47028,0x0000000086a00000)
 Metaspace       used 43255K, capacity 44988K, committed 45184K, reserved 1087488K
  class space    used 5811K, capacity 6149K, committed 6272K, reserved 1048576K

Card table byte_map: [0x0000000012c40000,0x0000000013040000] byte_map_base: 0x0000000012835000

Marking Bits: (ParMarkBitMap*) 0x000000006229f860
 Begin Bits: [0x00000000136f0000, 0x0000000015698000)
 End Bits:   [0x0000000015698000, 0x0000000017640000)

Polling page: 0x0000000000ff0000

CodeCache: size=245760Kb used=9872Kb max_used=9893Kb free=235888Kb
 bounds [0x0000000003880000, 0x0000000004230000, 0x0000000012880000]
 total_blobs=5148 nmethods=4630 adapters=438
 compilation: enabled

Compilation events (10 events):
Event: 39.086 Thread 0x000000001a0e1800 nmethod 4692 0x0000000003febdd0 code [0x0000000003febf20, 0x0000000003fec030]
Event: 39.095 Thread 0x000000001a0e1800 4693       1       org.apache.catalina.connector.Request::getHeader (9 bytes)
Event: 39.095 Thread 0x000000001a0e1800 nmethod 4693 0x000000000409c690 code [0x000000000409c800, 0x000000000409c9b8]
Event: 39.096 Thread 0x000000001a0e1800 4694       1       org.apache.coyote.Request::getHeader (9 bytes)
Event: 39.096 Thread 0x000000001a0e1800 nmethod 4694 0x0000000003f2f590 code [0x0000000003f2f700, 0x0000000003f2f898]
Event: 39.101 Thread 0x000000001a0e1800 4695       1       java.lang.Character::isBmpCodePoint (13 bytes)
Event: 39.101 Thread 0x000000001a0e1800 nmethod 4695 0x000000000409c3d0 code [0x000000000409c520, 0x000000000409c630]
Event: 39.101 Thread 0x000000001a0e1800 4696       1       java.util.regex.Pattern::flags (5 bytes)
Event: 39.101 Thread 0x000000001a0e1800 nmethod 4696 0x0000000003febb10 code [0x0000000003febc60, 0x0000000003febd70]
Event: 39.106 Thread 0x000000001a0e1800 4699       1       java.lang.invoke.AbstractValidatingLambdaMetafactory::validateMetafactoryArgs (864 bytes)

GC Heap History (10 events):
Event: 7.190 GC heap before
{Heap before GC invocations=7 (full 1):
 PSYoungGen      total 71680K, used 71666K [0x00000000d5d00000, 0x00000000de280000, 0x0000000100000000)
  eden space 66560K, 100% used [0x00000000d5d00000,0x00000000d9e00000,0x00000000d9e00000)
  from space 5120K, 99% used [0x00000000d9e00000,0x00000000da2fc9d8,0x00000000da300000)
  to   space 10752K, 0% used [0x00000000dd800000,0x00000000dd800000,0x00000000de280000)
 ParOldGen       total 53248K, used 11823K [0x0000000081600000, 0x0000000084a00000, 0x00000000d5d00000)
  object space 53248K, 22% used [0x0000000081600000,0x000000008218bf38,0x0000000084a00000)
 Metaspace       used 28132K, capacity 29074K, committed 29440K, reserved 1075200K
  class space    used 3760K, capacity 3993K, committed 4096K, reserved 1048576K
Event: 7.209 GC heap after
Heap after GC invocations=7 (full 1):
 PSYoungGen      total 122880K, used 10728K [0x00000000d5d00000, 0x00000000de380000, 0x0000000100000000)
  eden space 112128K, 0% used [0x00000000d5d00000,0x00000000d5d00000,0x00000000dca80000)
  from space 10752K, 99% used [0x00000000dd800000,0x00000000de27a048,0x00000000de280000)
  to   space 12800K, 0% used [0x00000000dca80000,0x00000000dca80000,0x00000000dd700000)
 ParOldGen       total 53248K, used 12737K [0x0000000081600000, 0x0000000084a00000, 0x00000000d5d00000)
  object space 53248K, 23% used [0x0000000081600000,0x0000000082270510,0x0000000084a00000)
 Metaspace       used 28132K, capacity 29074K, committed 29440K, reserved 1075200K
  class space    used 3760K, capacity 3993K, committed 4096K, reserved 1048576K
}
Event: 8.349 GC heap before
{Heap before GC invocations=8 (full 1):
 PSYoungGen      total 122880K, used 118550K [0x00000000d5d00000, 0x00000000de380000, 0x0000000100000000)
  eden space 112128K, 96% used [0x00000000d5d00000,0x00000000dc64b7f8,0x00000000dca80000)
  from space 10752K, 99% used [0x00000000dd800000,0x00000000de27a048,0x00000000de280000)
  to   space 12800K, 0% used [0x00000000dca80000,0x00000000dca80000,0x00000000dd700000)
 ParOldGen       total 53248K, used 12737K [0x0000000081600000, 0x0000000084a00000, 0x00000000d5d00000)
  object space 53248K, 23% used [0x0000000081600000,0x0000000082270510,0x0000000084a00000)
 Metaspace       used 34246K, capacity 35478K, committed 35496K, reserved 1079296K
  class space    used 4603K, capacity 4849K, committed 4864K, reserved 1048576K
Event: 8.367 GC heap after
Heap after GC invocations=8 (full 1):
 PSYoungGen      total 124928K, used 12781K [0x00000000d5d00000, 0x00000000e3280000, 0x0000000100000000)
  eden space 112128K, 0% used [0x00000000d5d00000,0x00000000d5d00000,0x00000000dca80000)
  from space 12800K, 99% used [0x00000000dca80000,0x00000000dd6fb5b0,0x00000000dd700000)
  to   space 16384K, 0% used [0x00000000e2280000,0x00000000e2280000,0x00000000e3280000)
 ParOldGen       total 53248K, used 16230K [0x0000000081600000, 0x0000000084a00000, 0x00000000d5d00000)
  object space 53248K, 30% used [0x0000000081600000,0x00000000825d9bb0,0x0000000084a00000)
 Metaspace       used 34246K, capacity 35478K, committed 35496K, reserved 1079296K
  class space    used 4603K, capacity 4849K, committed 4864K, reserved 1048576K
}
Event: 8.367 GC heap before
{Heap before GC invocations=9 (full 2):
 PSYoungGen      total 124928K, used 12781K [0x00000000d5d00000, 0x00000000e3280000, 0x0000000100000000)
  eden space 112128K, 0% used [0x00000000d5d00000,0x00000000d5d00000,0x00000000dca80000)
  from space 12800K, 99% used [0x00000000dca80000,0x00000000dd6fb5b0,0x00000000dd700000)
  to   space 16384K, 0% used [0x00000000e2280000,0x00000000e2280000,0x00000000e3280000)
 ParOldGen       total 53248K, used 16230K [0x0000000081600000, 0x0000000084a00000, 0x00000000d5d00000)
  object space 53248K, 30% used [0x0000000081600000,0x00000000825d9bb0,0x0000000084a00000)
 Metaspace       used 34246K, capacity 35478K, committed 35496K, reserved 1079296K
  class space    used 4603K, capacity 4849K, committed 4864K, reserved 1048576K
Event: 8.450 GC heap after
Heap after GC invocations=9 (full 2):
 PSYoungGen      total 124928K, used 0K [0x00000000d5d00000, 0x00000000e3280000, 0x0000000100000000)
  eden space 112128K, 0% used [0x00000000d5d00000,0x00000000d5d00000,0x00000000dca80000)
  from space 12800K, 0% used [0x00000000dca80000,0x00000000dca80000,0x00000000dd700000)
  to   space 16384K, 0% used [0x00000000e2280000,0x00000000e2280000,0x00000000e3280000)
 ParOldGen       total 86016K, used 21772K [0x0000000081600000, 0x0000000086a00000, 0x00000000d5d00000)
  object space 86016K, 25% used [0x0000000081600000,0x0000000082b43028,0x0000000086a00000)
 Metaspace       used 34246K, capacity 35478K, committed 35496K, reserved 1079296K
  class space    used 4603K, capacity 4849K, committed 4864K, reserved 1048576K
}
Event: 9.576 GC heap before
{Heap before GC invocations=10 (full 2):
 PSYoungGen      total 124928K, used 112128K [0x00000000d5d00000, 0x00000000e3280000, 0x0000000100000000)
  eden space 112128K, 100% used [0x00000000d5d00000,0x00000000dca80000,0x00000000dca80000)
  from space 12800K, 0% used [0x00000000dca80000,0x00000000dca80000,0x00000000dd700000)
  to   space 16384K, 0% used [0x00000000e2280000,0x00000000e2280000,0x00000000e3280000)
 ParOldGen       total 86016K, used 21772K [0x0000000081600000, 0x0000000086a00000, 0x00000000d5d00000)
  object space 86016K, 25% used [0x0000000081600000,0x0000000082b43028,0x0000000086a00000)
 Metaspace       used 37716K, capacity 39082K, committed 39168K, reserved 1083392K
  class space    used 5035K, capacity 5313K, committed 5376K, reserved 1048576K
Event: 9.586 GC heap after
Heap after GC invocations=10 (full 2):
 PSYoungGen      total 182272K, used 6700K [0x00000000d5d00000, 0x00000000e2980000, 0x0000000100000000)
  eden space 175104K, 0% used [0x00000000d5d00000,0x00000000d5d00000,0x00000000e0800000)
  from space 7168K, 93% used [0x00000000e2280000,0x00000000e290b290,0x00000000e2980000)
  to   space 15872K, 0% used [0x00000000e0a80000,0x00000000e0a80000,0x00000000e1a00000)
 ParOldGen       total 86016K, used 21780K [0x0000000081600000, 0x0000000086a00000, 0x00000000d5d00000)
  object space 86016K, 25% used [0x0000000081600000,0x0000000082b45028,0x0000000086a00000)
 Metaspace       used 37716K, capacity 39082K, committed 39168K, reserved 1083392K
  class space    used 5035K, capacity 5313K, committed 5376K, reserved 1048576K
}
Event: 38.911 GC heap before
{Heap before GC invocations=11 (full 2):
 PSYoungGen      total 182272K, used 181804K [0x00000000d5d00000, 0x00000000e2980000, 0x0000000100000000)
  eden space 175104K, 100% used [0x00000000d5d00000,0x00000000e0800000,0x00000000e0800000)
  from space 7168K, 93% used [0x00000000e2280000,0x00000000e290b290,0x00000000e2980000)
  to   space 15872K, 0% used [0x00000000e0a80000,0x00000000e0a80000,0x00000000e1a00000)
 ParOldGen       total 86016K, used 21780K [0x0000000081600000, 0x0000000086a00000, 0x00000000d5d00000)
  object space 86016K, 25% used [0x0000000081600000,0x0000000082b45028,0x0000000086a00000)
 Metaspace       used 42766K, capacity 44408K, committed 44544K, reserved 1087488K
  class space    used 5736K, capacity 6041K, committed 6144K, reserved 1048576K
Event: 38.942 GC heap after
Heap after GC invocations=11 (full 2):
 PSYoungGen      total 190976K, used 13767K [0x00000000d5d00000, 0x00000000e2980000, 0x0000000100000000)
  eden space 175104K, 0% used [0x00000000d5d00000,0x00000000d5d00000,0x00000000e0800000)
  from space 15872K, 86% used [0x00000000e0a80000,0x00000000e17f1ed8,0x00000000e1a00000)
  to   space 7168K, 0% used [0x00000000e2280000,0x00000000e2280000,0x00000000e2980000)
 ParOldGen       total 86016K, used 21788K [0x0000000081600000, 0x0000000086a00000, 0x00000000d5d00000)
  object space 86016K, 25% used [0x0000000081600000,0x0000000082b47028,0x0000000086a00000)
 Metaspace       used 42766K, capacity 44408K, committed 44544K, reserved 1087488K
  class space    used 5736K, capacity 6041K, committed 6144K, reserved 1048576K
}

Deoptimization events (0 events):
No events

Classes redefined (0 events):
No events

Internal exceptions (10 events):
Event: 38.615 Thread 0x000000001c89d000 Exception <a 'java/lang/ClassNotFoundException': org/thymeleaf/spring5/view/AbstractThymeleafViewCustomizer> (0x00000000df24f170) thrown at [C:\re\workspace\8-2-build-windows-amd64-cygwin\jdk8u161\10277\hotspot\src\share\vm\classfile\systemDictionary.cpp,
Event: 38.616 Thread 0x000000001c89d000 Exception <a 'java/lang/ArrayIndexOutOfBoundsException'> (0x00000000df253cc0) thrown at [C:\re\workspace\8-2-build-windows-amd64-cygwin\jdk8u161\10277\hotspot\src\share\vm\runtime\sharedRuntime.cpp, line 605]
Event: 38.616 Thread 0x000000001c89d000 Exception <a 'java/lang/ArrayIndexOutOfBoundsException'> (0x00000000df255da8) thrown at [C:\re\workspace\8-2-build-windows-amd64-cygwin\jdk8u161\10277\hotspot\src\share\vm\runtime\sharedRuntime.cpp, line 605]
Event: 38.618 Thread 0x000000001c89d000 Exception <a 'java/lang/ClassNotFoundException': org/thymeleaf/spring5/view/ThymeleafViewCustomizer> (0x00000000df27ab78) thrown at [C:\re\workspace\8-2-build-windows-amd64-cygwin\jdk8u161\10277\hotspot\src\share\vm\classfile\systemDictionary.cpp, line 21
Event: 38.618 Thread 0x000000001c89d000 Exception <a 'java/lang/ArrayIndexOutOfBoundsException'> (0x00000000df27d630) thrown at [C:\re\workspace\8-2-build-windows-amd64-cygwin\jdk8u161\10277\hotspot\src\share\vm\runtime\sharedRuntime.cpp, line 605]
Event: 38.620 Thread 0x000000001c89d000 Exception <a 'java/lang/ClassNotFoundException': org/springframework/web/servlet/ViewCustomizer> (0x00000000df2a05c8) thrown at [C:\re\workspace\8-2-build-windows-amd64-cygwin\jdk8u161\10277\hotspot\src\share\vm\classfile\systemDictionary.cpp, line 210]
Event: 38.620 Thread 0x000000001c89d000 Exception <a 'java/lang/ArrayIndexOutOfBoundsException'> (0x00000000df2a27c0) thrown at [C:\re\workspace\8-2-build-windows-amd64-cygwin\jdk8u161\10277\hotspot\src\share\vm\runtime\sharedRuntime.cpp, line 605]
Event: 38.621 Thread 0x000000001c89d000 Exception <a 'java/lang/ClassNotFoundException': org/springframework/beans/factory/BeanNameAwareCustomizer> (0x00000000df2bedd8) thrown at [C:\re\workspace\8-2-build-windows-amd64-cygwin\jdk8u161\10277\hotspot\src\share\vm\classfile\systemDictionary.cpp, 
Event: 38.622 Thread 0x000000001c89d000 Exception <a 'java/lang/ClassNotFoundException': org/springframework/web/context/ServletContextAwareCustomizer> (0x00000000df2dbca8) thrown at [C:\re\workspace\8-2-build-windows-amd64-cygwin\jdk8u161\10277\hotspot\src\share\vm\classfile\systemDictionary.c
Event: 38.624 Thread 0x000000001c89d000 Exception <a 'java/lang/ClassNotFoundException': org/springframework/context/ApplicationContextAwareCustomizer> (0x00000000df2f8a90) thrown at [C:\re\workspace\8-2-build-windows-amd64-cygwin\jdk8u161\10277\hotspot\src\share\vm\classfile\systemDictionary.c

Events (10 events):
Event: 39.105 Thread 0x000000001ca73800 DEOPT PACKING pc=0x0000000003a68f3c sp=0x000000001f7a97c0
Event: 39.105 Thread 0x000000001ca73800 DEOPT UNPACKING pc=0x00000000038c7890 sp=0x000000001f7a95e0 mode 1
Event: 39.106 loading class org/springframework/util/CollectionUtils$MultiValueMapAdapter
Event: 39.106 loading class org/springframework/util/CollectionUtils$MultiValueMapAdapter done
Event: 39.106 Thread 0x000000001ca73800 DEOPT PACKING pc=0x0000000003aad109 sp=0x000000001f7ac020
Event: 39.106 Thread 0x000000001ca73800 DEOPT UNPACKING pc=0x00000000038c7890 sp=0x000000001f7abd70 mode 1
Event: 39.106 Thread 0x000000001ca73800 DEOPT PACKING pc=0x0000000003a68ff4 sp=0x000000001f7ac0a0
Event: 39.106 Thread 0x000000001ca73800 DEOPT UNPACKING pc=0x00000000038c7890 sp=0x000000001f7abec0 mode 1
Event: 39.106 Thread 0x000000001ca73800 DEOPT PACKING pc=0x0000000003a68f3c sp=0x000000001f7ac230
Event: 39.106 Thread 0x000000001ca73800 DEOPT UNPACKING pc=0x00000000038c7890 sp=0x000000001f7ac050 mode 1


Dynamic libraries:
0x00007ff6b63a0000 - 0x00007ff6b63d7000 	D:\Program Files\Java\jdk1.8.0_161\bin\java.exe
0x00007ffbb8150000 - 0x00007ffbb8331000 	C:\WINDOWS\SYSTEM32\ntdll.dll
0x00007ffbb76d0000 - 0x00007ffbb7782000 	C:\WINDOWS\System32\KERNEL32.DLL
0x00007ffbb4520000 - 0x00007ffbb4793000 	C:\WINDOWS\System32\KERNELBASE.dll
0x00007ffbb7790000 - 0x00007ffbb7831000 	C:\WINDOWS\System32\ADVAPI32.dll
0x00007ffbb7b50000 - 0x00007ffbb7bee000 	C:\WINDOWS\System32\msvcrt.dll
0x00007ffbb72e0000 - 0x00007ffbb733b000 	C:\WINDOWS\System32\sechost.dll
0x00007ffbb7bf0000 - 0x00007ffbb7d14000 	C:\WINDOWS\System32\RPCRT4.dll
0x00007ffbb7960000 - 0x00007ffbb7af0000 	C:\WINDOWS\System32\USER32.dll
0x00007ffbb54c0000 - 0x00007ffbb54e0000 	C:\WINDOWS\System32\win32u.dll
0x00007ffbb7ee0000 - 0x00007ffbb7f08000 	C:\WINDOWS\System32\GDI32.dll
0x00007ffbb5320000 - 0x00007ffbb54b2000 	C:\WINDOWS\System32\gdi32full.dll
0x00007ffbb47a0000 - 0x00007ffbb483f000 	C:\WINDOWS\System32\msvcp_win.dll
0x00007ffbb4ab0000 - 0x00007ffbb4baa000 	C:\WINDOWS\System32\ucrtbase.dll
0x00007ffba60d0000 - 0x00007ffba6339000 	C:\WINDOWS\WinSxS\amd64_microsoft.windows.common-controls_6595b64144ccf1df_6.0.17134.81_none_b4b229fe3cb4cfa3\COMCTL32.dll
0x00007ffbb73a0000 - 0x00007ffbb76c3000 	C:\WINDOWS\System32\combase.dll
0x00007ffbb4840000 - 0x00007ffbb48ba000 	C:\WINDOWS\System32\bcryptPrimitives.dll
0x00007ffbb5760000 - 0x00007ffbb578d000 	C:\WINDOWS\System32\IMM32.DLL
0x0000000063040000 - 0x0000000063112000 	D:\Program Files\Java\jdk1.8.0_161\jre\bin\msvcr100.dll
0x0000000061a80000 - 0x000000006231f000 	D:\Program Files\Java\jdk1.8.0_161\jre\bin\server\jvm.dll
0x00007ffbb7f10000 - 0x00007ffbb7f18000 	C:\WINDOWS\System32\PSAPI.DLL
0x00007ffba9d00000 - 0x00007ffba9d09000 	C:\WINDOWS\SYSTEM32\WSOCK32.dll
0x00007ffbb78f0000 - 0x00007ffbb795c000 	C:\WINDOWS\System32\WS2_32.dll
0x00007ffbae760000 - 0x00007ffbae783000 	C:\WINDOWS\SYSTEM32\WINMM.dll
0x00007ffbb09e0000 - 0x00007ffbb09ea000 	C:\WINDOWS\SYSTEM32\VERSION.dll
0x00007ffbae730000 - 0x00007ffbae75a000 	C:\WINDOWS\SYSTEM32\WINMMBASE.dll
0x00007ffbb5590000 - 0x00007ffbb55d9000 	C:\WINDOWS\System32\cfgmgr32.dll
0x0000000063030000 - 0x000000006303f000 	D:\Program Files\Java\jdk1.8.0_161\jre\bin\verify.dll
0x0000000063000000 - 0x0000000063029000 	D:\Program Files\Java\jdk1.8.0_161\jre\bin\java.dll
0x0000000062fa0000 - 0x0000000062fd5000 	D:\Program Files\Java\jdk1.8.0_161\jre\bin\jdwp.dll
0x0000000062eb0000 - 0x0000000062eb8000 	D:\Program Files\Java\jdk1.8.0_161\jre\bin\npt.dll
0x0000000062e80000 - 0x0000000062ea3000 	D:\Program Files\Java\jdk1.8.0_161\jre\bin\instrument.dll
0x0000000062fe0000 - 0x0000000062ff6000 	D:\Program Files\Java\jdk1.8.0_161\jre\bin\zip.dll
0x00007ffbb5a50000 - 0x00007ffbb6e90000 	C:\WINDOWS\System32\SHELL32.dll
0x00007ffbb7840000 - 0x00007ffbb78e9000 	C:\WINDOWS\System32\shcore.dll
0x00007ffbb4c10000 - 0x00007ffbb531d000 	C:\WINDOWS\System32\windows.storage.dll
0x00007ffbb7340000 - 0x00007ffbb7391000 	C:\WINDOWS\System32\shlwapi.dll
0x00007ffbb4500000 - 0x00007ffbb4511000 	C:\WINDOWS\System32\kernel.appcore.dll
0x00007ffbb4480000 - 0x00007ffbb449f000 	C:\WINDOWS\System32\profapi.dll
0x00007ffbb44a0000 - 0x00007ffbb44ec000 	C:\WINDOWS\System32\powrprof.dll
0x00007ffbb44f0000 - 0x00007ffbb44fa000 	C:\WINDOWS\System32\FLTLIB.DLL
0x0000000062e70000 - 0x0000000062e79000 	D:\Program Files\Java\jdk1.8.0_161\jre\bin\dt_socket.dll
0x00007ffbb3ce0000 - 0x00007ffbb3d46000 	C:\WINDOWS\system32\mswsock.dll
0x0000000062e20000 - 0x0000000062e2d000 	D:\Program Files\Java\jdk1.8.0_161\jre\bin\management.dll
0x0000000062e50000 - 0x0000000062e6a000 	D:\Program Files\Java\jdk1.8.0_161\jre\bin\net.dll
0x0000000062e30000 - 0x0000000062e41000 	D:\Program Files\Java\jdk1.8.0_161\jre\bin\nio.dll
0x00007ffba2f50000 - 0x00007ffba2f66000 	C:\WINDOWS\system32\napinsp.dll
0x00007ffba2f30000 - 0x00007ffba2f4a000 	C:\WINDOWS\system32\pnrpnsp.dll
0x00007ffbac030000 - 0x00007ffbac049000 	C:\WINDOWS\system32\NLAapi.dll
0x00007ffbb3aa0000 - 0x00007ffbb3b5e000 	C:\WINDOWS\SYSTEM32\DNSAPI.dll
0x00007ffbb7f30000 - 0x00007ffbb7f38000 	C:\WINDOWS\System32\NSI.dll
0x00007ffbb3a60000 - 0x00007ffbb3a98000 	C:\WINDOWS\SYSTEM32\IPHLPAPI.DLL
0x00007ffba30a0000 - 0x00007ffba30ae000 	C:\WINDOWS\System32\winrnr.dll
0x00007ffb78150000 - 0x00007ffb78165000 	C:\WINDOWS\System32\wshbth.dll
0x00007ffba8b50000 - 0x00007ffba8b5a000 	C:\Windows\System32\rasadhlp.dll
0x00007ffba7840000 - 0x00007ffba78b2000 	C:\WINDOWS\System32\fwpuclnt.dll
0x00007ffbb3fc0000 - 0x00007ffbb3fe5000 	C:\WINDOWS\SYSTEM32\bcrypt.dll
0x00007ffbb3e90000 - 0x00007ffbb3ea7000 	C:\WINDOWS\SYSTEM32\CRYPTSP.dll
0x00007ffbb38c0000 - 0x00007ffbb38f3000 	C:\WINDOWS\system32\rsaenh.dll
0x00007ffbb4360000 - 0x00007ffbb4388000 	C:\WINDOWS\SYSTEM32\USERENV.dll
0x00007ffbb3eb0000 - 0x00007ffbb3ebb000 	C:\WINDOWS\SYSTEM32\CRYPTBASE.dll
0x00007ffbaa550000 - 0x00007ffbaa566000 	C:\WINDOWS\SYSTEM32\dhcpcsvc6.DLL
0x00007ffbaa380000 - 0x00007ffbaa39a000 	C:\WINDOWS\SYSTEM32\dhcpcsvc.DLL
0x0000000062df0000 - 0x0000000062e14000 	D:\Program Files\Java\jdk1.8.0_161\jre\bin\sunec.dll

VM Arguments:
jvm_args: -agentlib:jdwp=transport=dt_socket,address=127.0.0.1:50660,suspend=y,server=n -XX:TieredStopAtLevel=1 -Xverify:none -Dspring.output.ansi.enabled=always -Dcom.sun.management.jmxremote -Dcom.sun.management.jmxremote.port=50659 -Dcom.sun.management.jmxremote.authenticate=false -Dcom.sun.management.jmxremote.ssl=false -Djava.rmi.server.hostname=localhost -Dspring.liveBeansView.mbeanDomain -Dspring.application.admin.enabled=true -javaagent:C:\Users\damuback-002\.IntelliJIdea2018.1\system\captureAgent\debugger-agent.jar=file:/C:/Users/damuback-002/AppData/Local/Temp/capture1.props -Dfile.encoding=UTF-8 
java_command: com.guotl.set.SetApplication
java_class_path (initial): D:\Program Files\Java\jdk1.8.0_161\jre\lib\charsets.jar;D:\Program Files\Java\jdk1.8.0_161\jre\lib\deploy.jar;D:\Program Files\Java\jdk1.8.0_161\jre\lib\ext\access-bridge-64.jar;D:\Program Files\Java\jdk1.8.0_161\jre\lib\ext\cldrdata.jar;D:\Program Files\Java\jdk1.8.0_161\jre\lib\ext\dnsns.jar;D:\Program Files\Java\jdk1.8.0_161\jre\lib\ext\jaccess.jar;D:\Program Files\Java\jdk1.8.0_161\jre\lib\ext\jfxrt.jar;D:\Program Files\Java\jdk1.8.0_161\jre\lib\ext\localedata.jar;D:\Program Files\Java\jdk1.8.0_161\jre\lib\ext\nashorn.jar;D:\Program Files\Java\jdk1.8.0_161\jre\lib\ext\sunec.jar;D:\Program Files\Java\jdk1.8.0_161\jre\lib\ext\sunjce_provider.jar;D:\Program Files\Java\jdk1.8.0_161\jre\lib\ext\sunmscapi.jar;D:\Program Files\Java\jdk1.8.0_161\jre\lib\ext\sunpkcs11.jar;D:\Program Files\Java\jdk1.8.0_161\jre\lib\ext\zipfs.jar;D:\Program Files\Java\jdk1.8.0_161\jre\lib\javaws.jar;D:\Program Files\Java\jdk1.8.0_161\jre\lib\jce.jar;D:\Program Files\Java\jdk1.8.0_161\jre\lib\jfr.jar;D:\Program Files\Java\jdk1.8.0_161\jre\lib\jfxswt.jar;D:\Program Files\Java\jdk1.8.0_161\jre\lib\jsse.jar;D:\Program Files\Java\jdk1.8.0_161\jre\lib\management-agent.jar;D:\Program Files\Java\jdk1.8.0_161\jre\lib\plugin.jar;D:\Program Files\Java\jdk1.8.0_161\jre\lib\resources.jar;D:\Program Files\Java\jdk1.8.0_161\jre\lib\rt.jar;D:\IdeaProjects\set\target\classes;C:\Users\damuback-002\.m2\repository\org\springframework\boot\spring-boot-starter-web\2.0.2.RELEASE\spring-boot-starter-web-2.0.2.RELEASE.jar;C:\Users\damuback-002\.m2\repository\org\springframework\boot\spring-boot-starter\2.0.2.RELEASE\spring-boot-starter-2.0.2.RELEASE.jar;C:\Users\damuback-002\.m2\repository\org\springframework\boot\spring-boot\2.0.2.RELEASE\spring-boot-2.0.2.RELEASE.jar;C:\Users\damuback-002\.m2\repository\org\springframework\boot\spring-boot-autoconfigure\2.0.2.RELEASE\spring-boot-autoconfigure-2.0.2.RELEASE.jar;C:\Users\damuback-002\.m2\repository\org\springframework\boot\spring-boot-
Launcher Type: SUN_STANDARD

Environment Variables:
JAVA_HOME=D:\Program Files\Java\jdk1.8.0_161
CLASSPATH=;D:\Program Files\Java\jdk1.8.0_161\lib;D:\Program Files\Java\jdk1.8.0_161\lib\dt.jar;D:\Program Files\Java\jdk1.8.0_161\lib\tools.jar
PATH=C:\Program Files (x86)\Common Files\Oracle\Java\javapath;C:\ProgramData\Oracle\Java\javapath;C:\Program Files (x86)\Intel\Intel(R) Management Engine Components\iCLS\;C:\Program Files\Intel\Intel(R) Management Engine Components\iCLS\;C:\Windows\system32;C:\Windows;C:\Windows\System32\Wbem;C:\Windows\System32\WindowsPowerShell\v1.0\;C:\Program Files (x86)\Intel\Intel(R) Management Engine Components\DAL;C:\Program Files\Intel\Intel(R) Management Engine Components\DAL;C:\Program Files (x86)\Intel\Intel(R) Management Engine Components\IPT;C:\Program Files\Intel\Intel(R) Management Engine Components\IPT;C:\Program Files (x86)\NVIDIA Corporation\PhysX\Common;D:\Program Files\Java\jdk1.8.0_161\bin;D:\Program Files\Java\jdk1.8.0_161\jre\bin;C:\Program Files\MySQL\MySQL Utilities 1.6\;D:\apache-maven-3.5.3\bin;D:\Program Files\Java\apache-tomcat-8.5.29\lib;D:\Program Files\Java\apache-tomcat-8.5.29\bin;D:\Program Files\nodejs\;D:\Program Files\Git\cmd;C:\Program Files\TortoiseSVN\bin;C:\WINDOWS\system32;C:\WINDOWS;C:\WINDOWS\System32\Wbem;C:\WINDOWS\System32\WindowsPowerShell\v1.0\;C:\WINDOWS\System32\OpenSSH\;C:\Users\damuback-002\AppData\Local\Microsoft\WindowsApps;C:\Users\damuback-002\AppData\Roaming\npm;
USERNAME=damuback-002
OS=Windows_NT
PROCESSOR_IDENTIFIER=Intel64 Family 6 Model 158 Stepping 9, GenuineIntel



---------------  S Y S T E M  ---------------

OS: Windows 10.0 , 64 bit Build 17134 (10.0.17134.1)

CPU:total 4 (initial active 4) (4 cores per cpu, 1 threads per core) family 6 model 158 stepping 9, cmov, cx8, fxsr, mmx, sse, sse2, sse3, ssse3, sse4.1, sse4.2, popcnt, avx, avx2, aes, clmul, erms, 3dnowpref, lzcnt, tsc, tscinvbit, bmi1, bmi2, adx

Memory: 4k page, physical 8294544k(842752k free), swap 22036748k(488k free)

vm_info: Java HotSpot(TM) 64-Bit Server VM (25.161-b12) for windows-amd64 JRE (1.8.0_161-b12), built on Dec 19 2017 17:52:25 by "java_re" with MS VC++ 10.0 (VS2010)

time: Tue Jun 05 16:25:54 2018
elapsed time: 39 seconds (0d 0h 0m 39s)

